<?xml version="1.0" encoding="UTF-8"?>
<testng-results skipped="0" failed="0" ignored="0" total="1" passed="1">
  <reporter-output>
  </reporter-output>
  <suite name="Default suite" duration-ms="4072" started-at="2022-06-14T12:46:59 IST" finished-at="2022-06-14T12:47:03 IST">
    <groups>
    </groups>
    <test name="Default test" duration-ms="4072" started-at="2022-06-14T12:46:59 IST" finished-at="2022-06-14T12:47:03 IST">
      <class name="RestAPI.Test02_POST">
        <test-method status="PASS" signature="test1_post()[pri:0, instance:RestAPI.Test02_POST@11758f2a]" name="test1_post" duration-ms="4006" started-at="2022-06-14T12:46:59 IST" finished-at="2022-06-14T12:47:03 IST">
          <reporter-output>
          </reporter-output>
        </test-method> <!-- test1_post -->
      </class> <!-- RestAPI.Test02_POST -->
    </test> <!-- Default test -->
  </suite> <!-- Default suite -->
</testng-results>
